<?xml version="1.0" encoding="UTF-8"?>
<!-- Generated by org.testng.reporters.JUnitReportReporter -->
<testsuite skipped="0" hostname="Rahul-PC" name="Calendar.PrintAllLinks" tests="1" failures="0" timestamp="25 Sep 2018 06:31:15 GMT" time="35.751" errors="0">
  <testcase name="MaxWebTableValue" time="35.751" classname="Calendar.PrintAllLinks"/>
</testsuite> <!-- Calendar.PrintAllLinks -->
